{
  "stats": {
    "suites": 1,
    "tests": 1,
    "passes": 1,
    "pending": 0,
    "failures": 0,
    "start": "2022-03-12T15:04:13.797Z",
    "end": "2022-03-12T15:04:35.456Z",
    "duration": 21659,
    "testsRegistered": 1,
    "passPercent": 100,
    "pendingPercent": 0,
    "other": 0,
    "hasOther": false,
    "skipped": 0,
    "hasSkipped": false
  },
  "results": [
    {
      "uuid": "fc335ea8-1bc8-44cf-b783-85349c2d3196",
      "title": "",
      "fullFile": "cypress/integration/acessarEcadastrar.spec.js",
      "file": "cypress/integration/acessarEcadastrar.spec.js",
      "beforeHooks": [],
      "afterHooks": [],
      "tests": [],
      "suites": [
        {
          "uuid": "d0c581a0-d872-406c-bb29-1db0376232fb",
          "title": "AcessarPaginadeCadastro",
          "fullFile": "",
          "file": "",
          "beforeHooks": [],
          "afterHooks": [],
          "tests": [
            {
              "title": "Quando Acessar a pagina inicial, entrar em sign in para preenchimento do email para ser encaminhado a pagina de cadastro ",
              "fullTitle": "AcessarPaginadeCadastro Quando Acessar a pagina inicial, entrar em sign in para preenchimento do email para ser encaminhado a pagina de cadastro ",
              "timedOut": null,
              "duration": 18935,
              "state": "passed",
              "speed": "slow",
              "pass": true,
              "fail": false,
              "pending": false,
              "context": null,
              "code": "//Suites de testes pagina inicial -> pagina authentication -> pagina do cadastro\n//  pagina inicial\ncy.visit('http://automationpractice.com/index.php');\ncy.get('.login').click(); // pagina authentication\ncy.url().should('contain', 'http://automationpractice.com/index.php?controller=authentication&back=my-account');\ncy.get('.page-heading');\ncy.get('input[id=email_create]').type(chance.email());\ncy.get('button[id=SubmitCreate]').click(); // pagina do cadastro -> informações pessoais\ncy.url().should('contain', 'http://automationpractice.com/index.php?controller=authentication&back=my-account');\ncy.get('input[id=id_gender1]').check();\ncy.get('input[id=customer_firstname]').type(chance.first());\ncy.get('input[id=customer_lastname]').type(chance.last());\ncy.get('input[id=email]').click();\ncy.get('input[id=passwd]').type('Bl@anco');\ncy.get('select#days').select('10', {\n  force: true\n});\ncy.get('select#months').select('April', {\n  force: true\n});\ncy.get('select#years').select('2010', {\n  force: true\n});\ncy.get('input[id=newsletter]').check();\ncy.get('input[id=optin]').check(); // pagina do cadastro -> informações do endereço\ncy.get('input[id=firstname]').type(chance.first());\ncy.get('input[id=lastname]').type(chance.last());\ncy.get('input[id=company]').type(chance.company());\ncy.get('input[id=address1]').type(chance.street(), chance.state());\ncy.get('input[id=address2]').type(chance.address());\ncy.get('input[id=city]').type(chance.city());\ncy.get('select#id_state').select('Florida', {\n  force: true\n});\ncy.get('input[id=postcode]').type(chance.zip()); // cy.get('select#id_country').select('United States', { force: true})\ncy.get('textarea[id=other]').type(chance.syllable());\ncy.get('input[id=phone]').type(chance.phone());\ncy.get('input[id=phone_mobile]').type(chance.phone());\ncy.get('input[id=alias]').type(chance.address());\ncy.get('button[id=submitAccount]').click(); // pagina \"minha conta\"\ncy.url().should('contain', 'http://automationpractice.com/index.php?controller=my-account');\ncy.get('.page-heading');",
              "err": {},
              "uuid": "36e5bab1-7936-41b1-b415-085a0fc29059",
              "parentUUID": "d0c581a0-d872-406c-bb29-1db0376232fb",
              "isHook": false,
              "skipped": false
            }
          ],
          "suites": [],
          "passes": [
            "36e5bab1-7936-41b1-b415-085a0fc29059"
          ],
          "failures": [],
          "pending": [],
          "skipped": [],
          "duration": 18935,
          "root": false,
          "rootEmpty": false,
          "_timeout": 2000
        }
      ],
      "passes": [],
      "failures": [],
      "pending": [],
      "skipped": [],
      "duration": 0,
      "root": true,
      "rootEmpty": true,
      "_timeout": 2000
    }
  ],
  "meta": {
    "mocha": {
      "version": "7.0.1"
    },
    "mochawesome": {
      "options": {
        "quiet": true,
        "reportFilename": "mochawesome",
        "saveHtml": false,
        "saveJson": true,
        "consoleReporter": "spec",
        "useInlineDiffs": false,
        "code": true
      },
      "version": "7.1.2"
    },
    "marge": {
      "options": {
        "id": "default",
        "reportDir": "mochawesome-report",
        "quiet": true,
        "overwrite": false,
        "html": false,
        "json": true
      },
      "version": "6.1.1"
    }
  }
}