{
  "stats": {
    "suites": 1,
    "tests": 1,
    "passes": 1,
    "pending": 0,
    "failures": 0,
    "start": "2022-03-12T16:01:18.671Z",
    "end": "2022-03-12T16:01:41.810Z",
    "duration": 23139,
    "testsRegistered": 1,
    "passPercent": 100,
    "pendingPercent": 0,
    "other": 0,
    "hasOther": false,
    "skipped": 0,
    "hasSkipped": false
  },
  "results": [
    {
      "uuid": "e4729c81-1628-4e68-a643-b5caafbde27e",
      "title": "",
      "fullFile": "cypress/integration/acessarEcadastrar.spec.js",
      "file": "cypress/integration/acessarEcadastrar.spec.js",
      "beforeHooks": [],
      "afterHooks": [],
      "tests": [],
      "suites": [
        {
          "uuid": "b0867fa5-9817-4e5e-bbb2-2a249785ecf0",
          "title": "AcessarPaginadeCadastro",
          "fullFile": "",
          "file": "",
          "beforeHooks": [],
          "afterHooks": [],
          "tests": [
            {
              "title": "Criando o cadastro partindo da página inicial, informando um email e senha corretos para ser encaminhado a página de formulário para preencimento finalização do cadastro",
              "fullTitle": "AcessarPaginadeCadastro Criando o cadastro partindo da página inicial, informando um email e senha corretos para ser encaminhado a página de formulário para preencimento finalização do cadastro",
              "timedOut": null,
              "duration": 20334,
              "state": "passed",
              "speed": "slow",
              "pass": true,
              "fail": false,
              "pending": false,
              "context": null,
              "code": "//Suites de testes pagina inicial -> pagina authentication -> pagina do cadastro\n//  pagina inicial\ncy.visit('http://automationpractice.com/index.php');\ncy.get('.login').click(); // pagina authentication\ncy.url().should('contain', 'authentication&back=my-account');\ncy.get('.page-heading');\ncy.get('input#email_create').type(chance.email());\ncy.get('button#SubmitCreate').click(); // pagina do cadastro -> informações pessoais\ncy.url().should('contain', 'authentication&back=my-account');\ncy.get('input#id_gender1').check();\ncy.get('input#customer_firstname').type(chance.first());\ncy.get('input#customer_lastname').type(chance.last());\ncy.get('input#email').click();\ncy.get('input#passwd').type('Bl@anco');\ncy.get('select#days').select('10', {\n  force: true\n});\ncy.get('select#months').select('April', {\n  force: true\n});\ncy.get('select#years').select('2010', {\n  force: true\n});\ncy.get('input#newsletter').check();\ncy.get('input#optin').check(); // pagina do cadastro -> informações do endereço\ncy.get('input#firstname').type(chance.first());\ncy.get('input#lastname').type(chance.last());\ncy.get('input#company').type(chance.company());\ncy.get('input#address1').type(chance.street(), chance.state());\ncy.get('input#address2').type(chance.address());\ncy.get('input#city').type(chance.city());\ncy.get('select#id_state').select('Florida', {\n  force: true\n});\ncy.get('input#postcode').type(chance.zip());\ncy.get('textarea[id=other]').type(chance.syllable());\ncy.get('input#phone').type(chance.phone());\ncy.get('input#phone_mobile').type(chance.phone());\ncy.get('input#alias').type(chance.address());\ncy.get('button#submitAccount').click(); // pagina \"minha conta\"\ncy.url().should('contain', 'controller=my-account');\ncy.get('.page-heading').should('have.text', 'My account');",
              "err": {},
              "uuid": "60dde4b4-61ab-4c3f-b0ed-8ab6d44eb796",
              "parentUUID": "b0867fa5-9817-4e5e-bbb2-2a249785ecf0",
              "isHook": false,
              "skipped": false
            }
          ],
          "suites": [],
          "passes": [
            "60dde4b4-61ab-4c3f-b0ed-8ab6d44eb796"
          ],
          "failures": [],
          "pending": [],
          "skipped": [],
          "duration": 20334,
          "root": false,
          "rootEmpty": false,
          "_timeout": 2000
        }
      ],
      "passes": [],
      "failures": [],
      "pending": [],
      "skipped": [],
      "duration": 0,
      "root": true,
      "rootEmpty": true,
      "_timeout": 2000
    }
  ],
  "meta": {
    "mocha": {
      "version": "7.0.1"
    },
    "mochawesome": {
      "options": {
        "quiet": true,
        "reportFilename": "mochawesome",
        "saveHtml": false,
        "saveJson": true,
        "consoleReporter": "spec",
        "useInlineDiffs": false,
        "code": true
      },
      "version": "7.1.2"
    },
    "marge": {
      "options": {
        "id": "default",
        "reportDir": "mochawesome-report",
        "quiet": true,
        "overwrite": false,
        "html": false,
        "json": true
      },
      "version": "6.1.1"
    }
  }
}